d:\document d\iut velizy\cours\poker\poker\poker graphique\debug\vc142.pdb
d:\document d\iut velizy\cours\poker\poker\poker graphique\debug\vc142.idb
d:\document d\iut velizy\cours\poker\poker\poker graphique\debug\main.obj
d:\document d\iut velizy\cours\poker\poker\poker graphique\debug\libgraphique.obj
d:\document d\iut velizy\cours\poker\poker\poker graphique\debug\win.obj
d:\document d\iut velizy\cours\poker\poker\poker graphique\debug\graphique.obj
d:\document d\iut velizy\cours\poker\poker\poker graphique\debug\game.obj
d:\document d\iut velizy\cours\poker\poker\poker graphique\debug\vcpkg.applocal.log
d:\document d\iut velizy\cours\poker\poker\poker graphique\debug\sdl.dll
d:\document d\iut velizy\cours\poker\poker\poker graphique\debug\output\sdl.dll
d:\document d\iut velizy\cours\poker\poker\poker graphique\debug\poker graphique.ilk
d:\document d\iut velizy\cours\poker\poker\poker graphique\debug\poker graphique.pdb
d:\document d\iut velizy\cours\poker\poker\poker graphique\debug\output\poker graphique.pdb
d:\document d\iut velizy\cours\poker\poker\poker graphique\debug\poker graphique.tlog\cl.command.1.tlog
d:\document d\iut velizy\cours\poker\poker\poker graphique\debug\poker graphique.tlog\cl.read.1.tlog
d:\document d\iut velizy\cours\poker\poker\poker graphique\debug\poker graphique.tlog\cl.write.1.tlog
d:\document d\iut velizy\cours\poker\poker\poker graphique\debug\poker graphique.tlog\link.command.1.tlog
d:\document d\iut velizy\cours\poker\poker\poker graphique\debug\poker graphique.tlog\link.read.1.tlog
d:\document d\iut velizy\cours\poker\poker\poker graphique\debug\poker graphique.tlog\link.write.1.tlog
d:\document d\iut velizy\cours\poker\poker\poker graphique\debug\poker graphique.tlog\poker graphique.write.1u.tlog
